<?xml version="1.0" encoding="UTF-8"?>
<!-- Generated by org.testng.reporters.JUnitReportReporter -->
<testsuite skipped="0" hostname="ION64-2017-PC" name="Academy.ValidateTitle" tests="1" failures="0" timestamp="2019-12-08T19:08:54 MST" time="1.235" errors="0">
  <testcase name="titleValidation" time="1.235" classname="Academy.ValidateTitle"/>
</testsuite> <!-- Academy.ValidateTitle -->
