<?xml version="1.0" encoding="UTF-8"?>
<!-- Generated by org.testng.reporters.JUnitReportReporter -->
<testsuite skipped="0" hostname="ION64-2017-PC" name="Academy.HomePage2" tests="3" failures="0" timestamp="08 Dec 2019 21:39:49 GMT" time="20.069" errors="0">
  <testcase name="basePageNavigation" time="5.239" classname="Academy.HomePage2"/>
  <testcase name="printUsersInfo" time="0.000" classname="Academy.HomePage2"/>
  <testcase name="basePageNavigation" time="14.830" classname="Academy.HomePage2"/>
</testsuite> <!-- Academy.HomePage2 -->
