<?xml version="1.0" encoding="UTF-8"?>
<!-- Generated by org.testng.reporters.JUnitReportReporter -->
<testsuite skipped="0" hostname="ION64-2017-PC" name="Academy.HomePage" tests="2" failures="0" timestamp="06 Dec 2019 01:28:52 GMT" time="18.865" errors="0">
  <testcase name="login" time="4.357" classname="Academy.HomePage"/>
  <testcase name="basePageNavigation" time="14.508" classname="Academy.HomePage"/>
</testsuite> <!-- Academy.HomePage -->
