<?xml version="1.0" encoding="UTF-8"?>
<!-- Generated by org.testng.reporters.JUnitReportReporter -->
<testsuite skipped="0" hostname="ION64-2017-PC" name="Academy.HomePage" tests="2" failures="0" timestamp="08 Dec 2019 04:39:52 GMT" time="19.771" errors="0">
  <testcase name="basePageNavigation" time="4.685" classname="Academy.HomePage"/>
  <testcase name="basePageNavigation" time="15.086" classname="Academy.HomePage"/>
</testsuite> <!-- Academy.HomePage -->
