<?xml version="1.0" encoding="UTF-8"?>
<!-- Generated by org.testng.reporters.JUnitReportReporter -->
<testsuite skipped="0" hostname="ION64-2017-PC" name="Academy.ValidateTitle" tests="1" failures="0" timestamp="06 Dec 2019 21:55:36 GMT" time="13.355" errors="0">
  <testcase name="titleValidation" time="13.355" classname="Academy.ValidateTitle"/>
</testsuite> <!-- Academy.ValidateTitle -->
