<?xml version="1.0" encoding="UTF-8"?>
<!-- Generated by org.testng.reporters.JUnitReportReporter -->
<testsuite skipped="0" hostname="ION64-2017-PC" name="Academy.validateNavigationBar" tests="1" failures="0" timestamp="08 Dec 2019 04:38:55 GMT" time="0.099" errors="0">
  <testcase name="NavigationBarValidate" time="0.099" classname="Academy.validateNavigationBar"/>
</testsuite> <!-- Academy.validateNavigationBar -->
