<?xml version="1.0" encoding="UTF-8"?>
<!-- Generated by org.testng.reporters.JUnitReportReporter -->
<testsuite skipped="0" hostname="ION64-2017-PC" name="Academy.validateNavigationBar" tests="1" failures="0" timestamp="06 Dec 2019 06:04:09 GMT" time="17.152" errors="0">
  <testcase name="basePageNavigation" time="17.152" classname="Academy.validateNavigationBar"/>
</testsuite> <!-- Academy.validateNavigationBar -->
