<?xml version="1.0" encoding="UTF-8"?>
<!-- Generated by org.testng.reporters.JUnitReportReporter -->
<testsuite skipped="0" hostname="ION64-2017-PC" name="Academy.HomePage" tests="2" failures="0" timestamp="06 Dec 2019 05:30:57 GMT" time="42.192" errors="0">
  <testcase name="basePageNavigation" time="20.895" classname="Academy.HomePage"/>
  <testcase name="basePageNavigation" time="21.297" classname="Academy.HomePage"/>
</testsuite> <!-- Academy.HomePage -->
