<?xml version="1.0" encoding="UTF-8"?>
<!-- Generated by org.testng.reporters.JUnitReportReporter -->
<testsuite skipped="0" hostname="ION64-2017-PC" name="Academy.validateNavigationBar" tests="1" failures="0" timestamp="2019-12-08T19:08:54 MST" time="0.104" errors="0">
  <testcase name="NavigationBarValidate" time="0.104" classname="Academy.validateNavigationBar"/>
</testsuite> <!-- Academy.validateNavigationBar -->
