<?xml version="1.0" encoding="UTF-8"?>
<!-- Generated by org.testng.reporters.JUnitReportReporter -->
<testsuite skipped="0" hostname="ION64-2017-PC" name="Academy.HomePage2" tests="3" failures="0" timestamp="2019-12-08T19:08:54 MST" time="20.386" errors="0">
  <testcase name="basePageNavigation" time="15.261" classname="Academy.HomePage2"/>
  <testcase name="printUsersInfo" time="0.001" classname="Academy.HomePage2"/>
  <testcase name="basePageNavigation" time="5.124" classname="Academy.HomePage2"/>
</testsuite> <!-- Academy.HomePage2 -->
