<?xml version="1.0" encoding="UTF-8"?>
<!-- Generated by org.testng.reporters.JUnitReportReporter -->
<testsuite skipped="0" hostname="ION64-2017-PC" name="Academy.ValidateTitle" tests="1" failures="0" timestamp="06 Dec 2019 06:15:43 GMT" time="16.304" errors="0">
  <testcase name="basePageNavigation" time="16.304" classname="Academy.ValidateTitle"/>
</testsuite> <!-- Academy.ValidateTitle -->
