<?xml version="1.0" encoding="UTF-8"?>
<!-- Generated by org.testng.reporters.JUnitReportReporter -->
<testsuite skipped="0" hostname="ION64-2017-PC" name="Academy.ValidateTitle" tests="1" failures="0" timestamp="08 Dec 2019 04:27:38 GMT" time="1.234" errors="0">
  <testcase name="titleValidation" time="1.234" classname="Academy.ValidateTitle"/>
</testsuite> <!-- Academy.ValidateTitle -->
