<?xml version="1.0" encoding="UTF-8"?>
<!-- Generated by org.testng.reporters.JUnitReportReporter -->
<testsuite skipped="0" hostname="ION64-2017-PC" name="Maven_Training.SeleniumTest" tests="2" failures="0" timestamp="2019-11-22T13:27:25 MST" time="0.002" errors="0">
  <testcase name="BrowserAUtomation" time="0.002" classname="Maven_Training.SeleniumTest"/>
  <testcase name="elementsUi" time="0.000" classname="Maven_Training.SeleniumTest"/>
</testsuite> <!-- Maven_Training.SeleniumTest -->
