<?xml version="1.0" encoding="UTF-8"?>
<!-- Generated by org.testng.reporters.JUnitReportReporter -->
<testsuite skipped="0" hostname="ION64-2017-PC" name="Maven_Training.AppiumTest" tests="2" failures="0" timestamp="2019-11-22T13:27:25 MST" time="0.005" errors="0">
  <testcase name="NativeAppAndroid" time="0.003" classname="Maven_Training.AppiumTest"/>
  <testcase name="IOSApps" time="0.002" classname="Maven_Training.AppiumTest"/>
</testsuite> <!-- Maven_Training.AppiumTest -->
