<?xml version="1.0" encoding="UTF-8"?>
<!-- Generated by org.testng.reporters.JUnitReportReporter -->
<testsuite skipped="0" hostname="ION64-2017-PC" name="Maven_Training.RESTAPITest" tests="2" failures="0" timestamp="2019-11-22T13:27:25 MST" time="0.016" errors="0">
  <testcase name="deleteTwitter" time="0.014" classname="Maven_Training.RESTAPITest"/>
  <testcase name="postJira" time="0.002" classname="Maven_Training.RESTAPITest"/>
</testsuite> <!-- Maven_Training.RESTAPITest -->
