<?xml version="1.0" encoding="UTF-8"?>
<!-- Generated by org.testng.reporters.JUnitReportReporter -->
<testsuite skipped="0" hostname="ION64-2017-PC" name="TestCases.Loginapplication" tests="1" failures="0" timestamp="2019-12-04T15:48:49 MST" time="26.197" errors="0">
  <testcase name="Login" time="26.197" classname="TestCases.Loginapplication"/>
</testsuite> <!-- TestCases.Loginapplication -->
