<?xml version="1.0" encoding="UTF-8"?>
<!-- Generated by org.testng.reporters.JUnitReportReporter -->
<testsuite skipped="0" hostname="ION64-2017-PC" name="Selenium_Training.S19_Lesson151_zz_ALTERNATE" tests="2" failures="0" timestamp="2019-11-19T17:17:55 MST" time="0.924" errors="0">
  <testcase name="open_url" time="0.920" classname="Selenium_Training.S19_Lesson151_zz_ALTERNATE"/>
  <testcase name="listdata" time="0.004" classname="Selenium_Training.S19_Lesson151_zz_ALTERNATE"/>
</testsuite> <!-- Selenium_Training.S19_Lesson151_zz_ALTERNATE -->
