<?xml version="1.0" encoding="UTF-8"?>
<!-- Generated by org.testng.reporters.JUnitReportReporter -->
<testsuite skipped="0" hostname="ION64-2017-PC" name="Selenium_Training.S18_Lesson136_day1" tests="1" failures="0" timestamp="2019-11-18T18:34:09 MST" time="0.008" errors="0">
  <testcase name="Day1_test1" time="0.008" classname="Selenium_Training.S18_Lesson136_day1"/>
</testsuite> <!-- Selenium_Training.S18_Lesson136_day1 -->
