<?xml version="1.0" encoding="UTF-8"?>
<!-- Generated by org.testng.reporters.JUnitReportReporter -->
<testsuite skipped="0" hostname="ION64-2017-PC" name="Selenium_Training.S18_Lesson136_day4" tests="3" failures="0" timestamp="2019-11-18T15:24:49 MST" time="0.003" errors="0">
  <testcase name="Day4_test2" time="0.001" classname="Selenium_Training.S18_Lesson136_day4"/>
  <testcase name="Day4_test1" time="0.001" classname="Selenium_Training.S18_Lesson136_day4"/>
  <testcase name="Day4_test3" time="0.001" classname="Selenium_Training.S18_Lesson136_day4"/>
</testsuite> <!-- Selenium_Training.S18_Lesson136_day4 -->
