<?xml version="1.0" encoding="UTF-8"?>
<!-- Generated by org.testng.reporters.JUnitReportReporter -->
<testsuite skipped="0" hostname="ION64-2017-PC" name="Selenium_Training.S19_Lesson151_Data_driving_parameterization_from_Properties_file" tests="1" failures="0" timestamp="2019-11-19T17:11:55 MST" time="6.910" errors="0">
  <testcase name="Login" time="6.910" classname="Selenium_Training.S19_Lesson151_Data_driving_parameterization_from_Properties_file"/>
</testsuite> <!-- Selenium_Training.S19_Lesson151_Data_driving_parameterization_from_Properties_file -->
