<?xml version="1.0" encoding="UTF-8"?>
<!-- Generated by org.testng.reporters.JUnitReportReporter -->
<testsuite skipped="0" hostname="ION64-2017-PC" name="test.Lesson146" tests="3" failures="0" timestamp="2019-11-18T17:42:32 MST" time="0.007" errors="0">
  <testcase name="Lesson145_Test1" time="0.006" classname="test.Lesson146"/>
  <testcase name="Lesson145_Test1" time="0.000" classname="test.Lesson146"/>
  <testcase name="Lesson145_Test1" time="0.001" classname="test.Lesson146"/>
</testsuite> <!-- test.Lesson146 -->
