<?xml version="1.0" encoding="UTF-8"?>
<!-- Generated by org.testng.reporters.JUnitReportReporter -->
<testsuite skipped="0" hostname="ION64-2017-PC" name="test.Lesson144" tests="1" failures="0" timestamp="2019-11-18T15:35:49 MST" time="0.007" errors="0">
  <testcase name="Lesson144_Test2" time="0.007" classname="test.Lesson144"/>
</testsuite> <!-- test.Lesson144 -->
