<?xml version="1.0" encoding="UTF-8"?>
<!-- Generated by org.testng.reporters.JUnitReportReporter -->
<testsuite skipped="0" hostname="ION64-2017-PC" name="Selenium_Training.S19_Lesson152_Inheritance" tests="2" failures="0" timestamp="2019-11-19T17:34:36 MST" time="12.336" errors="0">
  <testcase name="someTestname" time="6.319" classname="Selenium_Training.S19_Lesson152_Inheritance"/>
  <testcase name="Login" time="6.017" classname="Selenium_Training.S19_Lesson152_Inheritance"/>
</testsuite> <!-- Selenium_Training.S19_Lesson152_Inheritance -->
