<?xml version="1.0" encoding="UTF-8"?>
<!-- Generated by org.testng.reporters.JUnitReportReporter -->
<testsuite skipped="0" hostname="ION64-2017-PC" name="Selenium_Training.S18_Lesson136_day2" tests="2" failures="0" timestamp="2019-11-18T18:21:51 MST" time="0.009" errors="0">
  <testcase name="Day2_test1" time="0.007" classname="Selenium_Training.S18_Lesson136_day2"/>
  <testcase name="Day2_test2" time="0.002" classname="Selenium_Training.S18_Lesson136_day2"/>
</testsuite> <!-- Selenium_Training.S18_Lesson136_day2 -->
