<?xml version="1.0" encoding="UTF-8"?>
<!-- Generated by org.testng.reporters.JUnitReportReporter -->
<testsuite skipped="0" hostname="ION64-2017-PC" name="Selenium_Training.S19_Lesson151_ALTERNATE" tests="2" failures="0" timestamp="2019-11-19T17:06:16 MST" time="6.578" errors="0">
  <testcase name="SetDriver" time="5.684" classname="Selenium_Training.S19_Lesson151_ALTERNATE"/>
  <testcase name="open_url" time="0.894" classname="Selenium_Training.S19_Lesson151_ALTERNATE"/>
</testsuite> <!-- Selenium_Training.S19_Lesson151_ALTERNATE -->
