<?xml version="1.0" encoding="UTF-8"?>
<!-- Generated by org.testng.reporters.JUnitReportReporter -->
<testsuite skipped="0" hostname="ION64-2017-PC" name="Selenium_Training.S19_Lesson150_How_to_write_Global_parameters_with_java_code" tests="1" failures="0" timestamp="2019-11-19T15:28:30 MST" time="0.010" errors="0">
  <testcase name="Login" time="0.010" classname="Selenium_Training.S19_Lesson150_How_to_write_Global_parameters_with_java_code"/>
</testsuite> <!-- Selenium_Training.S19_Lesson150_How_to_write_Global_parameters_with_java_code -->
