<?xml version="1.0" encoding="UTF-8"?>
<!-- Generated by org.testng.reporters.JUnitReportReporter -->
<testsuite skipped="0" hostname="ION64-2017-PC" name="test.Lesson146" tests="3" failures="0" timestamp="2019-11-18T15:35:58 MST" time="0.009" errors="0">
  <testcase name="Lesson145_Test1" time="0.007" classname="test.Lesson146"/>
  <testcase name="Lesson145_Test1" time="0.001" classname="test.Lesson146"/>
  <testcase name="Lesson145_Test1" time="0.001" classname="test.Lesson146"/>
</testsuite> <!-- test.Lesson146 -->
