<?xml version="1.0" encoding="UTF-8"?>
<!-- Generated by org.testng.reporters.JUnitReportReporter -->
<testsuite skipped="0" hostname="ION64-2017-PC" name="Selenium_Training.S18_Lesson138_Executing_the_Testcases_at_Package_level_with_regex" tests="1" failures="0" timestamp="2019-11-16T15:30:34 MST" time="0.008" errors="0">
  <testcase name="fluf" time="0.008" classname="Selenium_Training.S18_Lesson138_Executing_the_Testcases_at_Package_level_with_regex"/>
</testsuite> <!-- Selenium_Training.S18_Lesson138_Executing_the_Testcases_at_Package_level_with_regex -->
