<?xml version="1.0" encoding="UTF-8"?>
<!-- Generated by org.testng.reporters.JUnitReportReporter -->
<testsuite skipped="0" hostname="ION64-2017-PC" name="Selenium_Training.S18_Lesson146_Test" tests="3" failures="0" timestamp="2019-11-18T17:45:04 MST" time="0.008" errors="0">
  <testcase name="Lesson145_Test1" time="0.006" classname="Selenium_Training.S18_Lesson146_Test"/>
  <testcase name="Lesson145_Test1" time="0.001" classname="Selenium_Training.S18_Lesson146_Test"/>
  <testcase name="Lesson145_Test1" time="0.001" classname="Selenium_Training.S18_Lesson146_Test"/>
</testsuite> <!-- Selenium_Training.S18_Lesson146_Test -->
